processor: EntryProcessor (full class name: universecore.annotations.EntryProcessor)
time: Sun Dec 10 05:58:29 UTC 2023

-----------------------------------------
annotation: universecore.annotations.Annotations.ImplEntries
-----------------------------------------

> class: ultimatedimension.world.blocks.UDBlock
 1| 
 2| @Annotations.ImplEntries
 3| public class UDBlock extends Block implements ConsumerBlockComp {
 4|     public universecore.world.consumers.ConsFilter consFilter = new universecore.world.consumers.ConsFilter();
 5|     public boolean oneOfOptionCons;
 6|     public arc.struct.Seq<universecore.world.consumers.BaseConsumers> optionalCons = new arc.struct.Seq<>();
 7|     
 8|     public UDBlock(String name) {
 9|         super(name);
10|         update = true;
11|     }
12|     
13|     @Override
14|     public BaseConsumers newConsume() {
15|         return ConsumerBlockComp.super.newConsume();
16|     }
17|     
18|     public arc.struct.Seq<universecore.world.consumers.BaseConsumers> optionalCons() {
19|         return this.optionalCons;
20|     }
21|     
22|     public boolean oneOfOptionCons() {
23|         return this.oneOfOptionCons;
24|     }
25|     
26|     public universecore.world.consumers.ConsFilter filter() {
27|         return this.consFilter;
28|     }
29|     
30|     public void init() {
31|         super.init();
32|         this.initPower();
33|         this.initFilter();
34|     }
35| }

