processor: ImportUNCProcessor (full class name: universecore.annotations.ImportUNCProcessor)
time: Sat Aug 10 16:15:13 CST 2024

-----------------------------------------
annotation: universecore.annotations.Annotations.ImportUNC
-----------------------------------------

> class: ultimatedimension.UltimateDimension
  1| 
  2| @Annotations.ImportUNC(requireVersion = "1.8.9")
  3| public class UltimateDimension extends Mod {
  4|     private static byte $status$;
  5|     public static final String ModName;
  6|     public static final ContentList[] modContents;
  7|     static {
  8|         String $libVersionValue = "0.0.0";
  9|         {
 10|             final arc.struct.ObjectMap<String, String> bundles = arc.struct.ObjectMap.of("", "warn.uncLoadFailed = UniverseCore failed to load\nwarn.uncDisabled = UniverseCore mod has been disabled\nwarn.uncNotFound = UniverseCore mod file does not exist or is missing\nwarn.libNotFound = NotFound\nwarn.currentUncVersion = Current UniverseCore version: {0} It is recommended to install or update the latest version of UniverseCore\nwarn.uncVersionOld = UniverseCore version is outdated, requires: {0}\nwarn.uncVersionNewer = UniverseCore version is too newer, requires: {0}\nwarn.download = Download\nwarn.downloading = downloading...\nwarn.downloadFailed = download failed\nwarn.cancel = cancel\nwarn.openfile = import from file\nwarn.goLibPage = go to github\nwarn.openModDir = Go to the mods directory\nwarn.exit = quit\nwarn.androidOpenFolder = Failed to open the directory, you can go to the following path:\n[accent]android/data/io.anuke.mindustry/mods[]\n[gray]The address has been copied to the clipboard\nwarn.enableLib = enable mod\nwarn.caused = The following mods cannot be loaded correctly due to abnormal Universe Core status\n", "zh_TW", "warn.uncLoadFailed = UniverseCore \u52a0\u8f09\u5931\u6557\nwarn.uncDisabled = UniverseCore mod \u5df2\u88ab\u7981\u7528\nwarn.uncNotFound = UniverseCore mod \u6587\u4ef6\u4e0d\u5b58\u5728\u6216\u5df2\u4e1f\u5931\nwarn.libNotFound = \u672a\u627e\u5230\nwarn.currentUncVersion = \u7576\u524dUniverseCore\u7248\u672c\uff1a{0} \u5efa\u8b70\u5b89\u88dd\u6216\u66f4\u65b0\u6700\u65b0\u7248\u672c\u7684UniverseCore\nwarn.uncVersionOld = UniverseCore \u7248\u672c\u904e\u820a\uff0c\u9700\u8981\uff1a{0}\nwarn.uncVersionNewer = UniverseCore \u7248\u672c\u592a\u904e\u8d85\u524d\uff0c\u7576\u524d\u9700\u8981\uff1a{0}\nwarn.download = \u4e0b\u8f09\nwarn.downloading = \u4e0b\u8f09\u4e2d...\nwarn.downloadFailed = \u4e0b\u8f09\u5931\u6557\nwarn.cancel = \u53d6\u6d88\nwarn.openfile = \u5f9e\u6587\u4ef6\u5c0e\u5165\nwarn.goLibPage = \u524d\u5f80github\nwarn.openModDir = \u524d\u5f80mods\u76ee\u9304\nwarn.exit = \u9000\u51fa\nwarn.androidOpenFolder = \u6253\u958b\u76ee\u9304\u5931\u6557\uff0c\u60a8\u53ef\u524d\u5f80\u5982\u4e0b\u8def\u5f91\uff1a\n[accent]android/data/io.anuke.mindustry/mods[]\n[gray]\u5730\u5740\u5df2\u5fa9\u88fd\u5230\u526a\u8cbc\u677f\nwarn.enableLib = \u5553\u7528mod\nwarn.caused = \u4ee5\u4e0bmod\u7531\u65bcUniverse Core\u72c0\u614b\u7570\u5e38\u7121\u6cd5\u6b63\u78ba\u52a0\u8f09\n", "ru", "warn.uncLoadFailed = UniverseCore \u043d\u0435 \u0443\u0434\u0430\u043b\u043e\u0441\u044c \u0437\u0430\u0433\u0440\u0443\u0437\u0438\u0442\u044c\nwarn.uncDisabled = \u041c\u043e\u0434 UniverseCore \u043e\u0442\u043a\u043b\u044e\u0447\u0435\u043d.\nwarn.uncNotFound = \u0424\u0430\u0439\u043b \u043c\u043e\u0434\u0430 UniverseCore \u043d\u0435 \u0441\u0443\u0449\u0435\u0441\u0442\u0432\u0443\u0435\u0442 \u0438\u043b\u0438 \u043e\u0442\u0441\u0443\u0442\u0441\u0442\u0432\u0443\u0435\u0442\nwarn.libNotFound = \u041d\u0435 \u043d\u0430\u0439\u0434\u0435\u043d\nwarn.currentUncVersion = \u0422\u0435\u043a\u0443\u0449\u0430\u044f \u0432\u0435\u0440\u0441\u0438\u044f UniverseCore: {0} \u0420\u0435\u043a\u043e\u043c\u0435\u043d\u0434\u0443\u0435\u0442\u0441\u044f \u0443\u0441\u0442\u0430\u043d\u043e\u0432\u0438\u0442\u044c \u0438\u043b\u0438 \u043e\u0431\u043d\u043e\u0432\u0438\u0442\u044c \u043f\u043e\u0441\u043b\u0435\u0434\u043d\u044e\u044e \u0432\u0435\u0440\u0441\u0438\u044e UniverseCore.\nwarn.uncVersionOld = \u0412\u0435\u0440\u0441\u0438\u044f UniverseCore \u0443\u0441\u0442\u0430\u0440\u0435\u043b\u0430, \u0442\u0440\u0435\u0431\u0443\u0435\u0442\u0441\u044f: {0}\nwarn.uncVersionNewer = \u0421\u043b\u0438\u0448\u043a\u043e\u043c \u043d\u043e\u0432\u0430\u044f \u0432\u0435\u0440\u0441\u0438\u044f UniverseCore, \u0432 \u043d\u0430\u0441\u0442\u043e\u044f\u0449\u0435\u0435 \u0432\u0440\u0435\u043c\u044f \u0442\u0440\u0435\u0431\u0443\u0435\u0442\u0441\u044f: {0}\nwarn.download = \u0441\u043a\u0430\u0447\u0430\u0442\u044c\nwarn.downloading = \u0441\u043a\u0430\u0447\u0438\u0432\u0430\u043d\u0438\u0435...\nwarn.downloadFailed = \u0417\u0430\u0433\u0440\u0443\u0437\u043a\u0430 \u043d\u0435 \u0443\u0434\u0430\u043b\u0430\u0441\u044c\nwarn.cancel = \u041e\u0442\u043c\u0435\u043d\u0430\nwarn.openfile = \u0438\u043c\u043f\u043e\u0440\u0442\u0438\u0440\u043e\u0432\u0430\u0442\u044c \u0438\u0437 \u0444\u0430\u0439\u043b\u0430\nwarn.goLibPage = \u043f\u0435\u0440\u0435\u0439\u0442\u0438 \u043d\u0430 \u0433\u0438\u0442\u0445\u0430\u0431\nwarn.openModDir = \u041f\u0435\u0440\u0435\u0439\u0434\u0438\u0442\u0435 \u0432 \u043a\u0430\u0442\u0430\u043b\u043e\u0433 \u043c\u043e\u0434\u043e\u0432\nwarn.exit = \u043f\u043e\u043a\u0438\u0434\u0430\u0442\u044c\nwarn.androidOpenFolder = \u041d\u0435 \u0443\u0434\u0430\u043b\u043e\u0441\u044c \u043e\u0442\u043a\u0440\u044b\u0442\u044c \u043a\u0430\u0442\u0430\u043b\u043e\u0433, \u043c\u043e\u0436\u043d\u043e \u043f\u0435\u0440\u0435\u0439\u0442\u0438 \u043f\u043e \u0441\u043b\u0435\u0434\u0443\u044e\u0449\u0435\u043c\u0443 \u043f\u0443\u0442\u0438:\n[accent]android/data/io.anuke.mindustry/mods[]\n[gray]\u0410\u0434\u0440\u0435\u0441 \u0441\u043a\u043e\u043f\u0438\u0440\u043e\u0432\u0430\u043d \u0432 \u0431\u0443\u0444\u0435\u0440 \u043e\u0431\u043c\u0435\u043d\u0430\nwarn.enableLib = \u0432\u043a\u043b\u044e\u0447\u0438\u0442\u044c \u043c\u043e\u0434\u044b\nwarn.caused = \u0421\u043b\u0435\u0434\u0443\u044e\u0449\u0438\u0435 \u043c\u043e\u0434\u044b \u043d\u0435 \u043c\u043e\u0433\u0443\u0442 \u0431\u044b\u0442\u044c \u0437\u0430\u0433\u0440\u0443\u0436\u0435\u043d\u044b \u043f\u0440\u0430\u0432\u0438\u043b\u044c\u043d\u043e \u0438\u0437-\u0437\u0430 \u043d\u0435\u043d\u043e\u0440\u043c\u0430\u043b\u044c\u043d\u043e\u0433\u043e \u0441\u0442\u0430\u0442\u0443\u0441\u0430 Universe Core.\n", "ja", "warn.uncLoadFailed = UniverseCore \u3092\u8aad\u307f\u8fbc\u3081\u307e\u305b\u3093\u3067\u3057\u305f\nwarn.uncDisabled = UniverseCore mod \u304c\u7121\u52b9\u5316\u3055\u308c\u307e\u3057\u305f\nwarn.uncNotFound = UniverseCore mod \u30d5\u30a1\u30a4\u30eb\u304c\u5b58\u5728\u3057\u306a\u3044\u304b\u3001\u898b\u3064\u304b\u308a\u307e\u305b\u3093\nwarn.libNotFound = \u898b\u3064\u304b\u308a\u307e\u305b\u3093\nwarn.currentUncVersion = \u73fe\u5728\u306e UniverseCore \u30d0\u30fc\u30b8\u30e7\u30f3: {0} UniverseCore \u306e\u6700\u65b0\u30d0\u30fc\u30b8\u30e7\u30f3\u3092\u30a4\u30f3\u30b9\u30c8\u30fc\u30eb\u307e\u305f\u306f\u66f4\u65b0\u3059\u308b\u3053\u3068\u3092\u304a\u52e7\u3081\u3057\u307e\u3059\nwarn.uncVersionOld = UniverseCore \u306e\u30d0\u30fc\u30b8\u30e7\u30f3\u304c\u53e4\u304f\u306a\u3063\u3066\u3044\u307e\u3059\u3002\u5fc5\u8981\u306a\u3082\u306e: {0}\nwarn.uncVersionNewer = UniverseCore \u306e\u30d0\u30fc\u30b8\u30e7\u30f3\u304c\u65b0\u3057\u3059\u304e\u307e\u3059\u3002\u73fe\u5728\u5fc5\u8981\u306a\u3082\u306e: {0}\nwarn.download = \u30c0\u30a6\u30f3\u30ed\u30fc\u30c9\nwarn.downloading = \u30c0\u30a6\u30f3\u30ed\u30fc\u30c9\u4e2d...\nwarn.downloadFailed = \u30c0\u30a6\u30f3\u30ed\u30fc\u30c9\u306b\u5931\u6557\u3057\u307e\u3057\u305f\nwarn.cancel = \u30ad\u30e3\u30f3\u30bb\u30eb\nwarn.openfile = \u30d5\u30a1\u30a4\u30eb\u304b\u3089\u30a4\u30f3\u30dd\u30fc\u30c8\nwarn.goLibPage = \u30ae\u30c3\u30c8\u30cf\u30d6\u306b\u884c\u304f\nwarn.openModDir = mods \u30c7\u30a3\u30ec\u30af\u30c8\u30ea\u306b\u79fb\u52d5\u3057\u307e\u3059\u3002\nwarn.exit = \u7d42\u4e86\u3059\u308b\nwarn.androidOpenFolder = \u30c7\u30a3\u30ec\u30af\u30c8\u30ea\u3092\u958b\u3051\u307e\u305b\u3093\u3067\u3057\u305f\u3002\u6b21\u306e\u30d1\u30b9\u306b\u79fb\u52d5\u3067\u304d\u307e\u3059:\n[accent]android/data/io.anuke.mindustry/mods[]\n[gray]\u30a2\u30c9\u30ec\u30b9\u306f\u30af\u30ea\u30c3\u30d7\u30dc\u30fc\u30c9\u306b\u30b3\u30d4\u30fc\u3055\u308c\u307e\u3057\u305f\nwarn.enableLib = \u6539\u9020\u3092\u6709\u52b9\u306b\u3059\u308b\nwarn.caused = \u30e6\u30cb\u30d0\u30fc\u30b9\u30b3\u30a2\u306e\u72b6\u614b\u7570\u5e38\u306b\u3088\u308a\u3001\u4ee5\u4e0b\u306eMOD\u304c\u6b63\u5e38\u306b\u30ed\u30fc\u30c9\u3067\u304d\u306a\u3044\n", "zh_CN", "warn.uncLoadFailed = UniverseCore \u52a0\u8f7d\u5931\u8d25\nwarn.uncDisabled = UniverseCore mod \u5df2\u88ab\u7981\u7528\nwarn.uncNotFound = UniverseCore mod \u6587\u4ef6\u4e0d\u5b58\u5728\u6216\u5df2\u4e22\u5931\nwarn.libNotFound = \u672a\u627e\u5230\nwarn.currentUncVersion = \u5f53\u524dUniverseCore\u7248\u672c\uff1a{0}  \u5efa\u8bae\u5b89\u88c5\u6216\u66f4\u65b0\u6700\u65b0\u7248\u672c\u7684UniverseCore\nwarn.uncVersionOld = UniverseCore \u7248\u672c\u8fc7\u65e7\uff0c\u9700\u8981\uff1a{0}\nwarn.uncVersionNewer = UniverseCore \u7248\u672c\u592a\u8fc7\u8d85\u524d\uff0c\u5f53\u524d\u9700\u8981\uff1a{0}\nwarn.download = \u4e0b\u8f7d\nwarn.downloading = \u4e0b\u8f7d\u4e2d...\nwarn.downloadFailed = \u4e0b\u8f7d\u5931\u8d25\nwarn.cancel = \u53d6\u6d88\nwarn.openfile = \u4ece\u6587\u4ef6\u5bfc\u5165\nwarn.goLibPage = \u524d\u5f80github\nwarn.openModDir = \u524d\u5f80mods\u76ee\u5f55\nwarn.exit = \u9000\u51fa\nwarn.androidOpenFolder = \u6253\u5f00\u76ee\u5f55\u5931\u8d25\uff0c\u60a8\u53ef\u524d\u5f80\u5982\u4e0b\u8def\u5f84\uff1a\n[accent]android/data/io.anuke.mindustry/mods[]\n[gray]\u5730\u5740\u5df2\u590d\u5236\u5230\u526a\u8d34\u677f\nwarn.enableLib = \u542f\u7528mod\nwarn.caused = \u4ee5\u4e0bmod\u7531\u4e8eUniverseCore\u72b6\u6001\u5f02\u5e38\u65e0\u6cd5\u6b63\u786e\u52a0\u8f7d\n");
 11|             arc.files.Fi[] $modsFiles = arc.Core.settings.getDataDirectory().child("mods").list();
 12|             arc.files.Fi $libFileTemp = null;
 13|             arc.files.Fi $modFile = null;
 14|             java.util.concurrent.atomic.AtomicBoolean $disabled = new java.util.concurrent.atomic.AtomicBoolean(false);
 15|             for (arc.files.Fi $file : $modsFiles) {
 16|                 if ($file.isDirectory() || (!$file.extension().equals("jar") && !$file.extension().equals("zip"))) continue;
 17|                 try {
 18|                     arc.files.Fi $zipped = new arc.files.ZipFi($file);
 19|                     arc.files.Fi $modManifest = $zipped.child("mod.hjson");
 20|                     if ($modManifest.exists()) {
 21|                         arc.util.serialization.Jval $fest = arc.util.serialization.Jval.read($modManifest.readString());
 22|                         String $name = $fest.get("name").asString();
 23|                         String $version = $fest.get("version").asString();
 24|                         if ($name.equals("universe-core")) {
 25|                             $libFileTemp = $file;
 26|                             $libVersionValue = $version;
 27|                         } else if ($fest.has("main") && $fest.getString("main").equals(ultimatedimension.UltimateDimension.class.getName())) {
 28|                             $modFile = $file;
 29|                         }
 30|                     }
 31|                 } catch (Throwable e) {
 32|                     continue;
 33|                 }
 34|                 if ($modFile != null && $libFileTemp != null) break;
 35|             }
 36|             assert $modFile != null;
 37|             arc.func.Intf<String> $versionValid = (v)->{
 38|                 String[] $lib = v.split("\\.");
 39|                 String[] $req = "1.8.9".split("\\.");
 40|                 if ($req.length != $lib.length || $lib.length != 3) throw new RuntimeException("Invalid version format, requested 3 parts, got " + $lib.length);
 41|                 if (Integer.parseInt($lib[0]) > Integer.parseInt($req[0]) || Integer.parseInt($lib[1]) > Integer.parseInt($req[1])) return 2;
 42|                 for (int i = 1; i < $lib.length; i++) {
 43|                     if (Integer.parseInt($lib[i]) < Integer.parseInt($req[i])) return 1;
 44|                 }
 45|                 return 0;
 46|             };
 47|             arc.Events.on(mindustry.game.EventType.ClientLoadEvent.class, (e)->{
 48|                 arc.util.Time.run(1, ()->{
 49|                     arc.Core.settings.remove("unc-checkFailed");
 50|                     arc.Core.settings.remove("unc-warningShown");
 51|                 });
 52|             });
 53|             Runtime.getRuntime().addShutdownHook(new Thread(()->{
 54|                 arc.Core.settings.remove("unc-checkFailed");
 55|                 arc.Core.settings.remove("unc-warningShown");
 56|             }));
 57|             final arc.files.Fi $libFile = $libFileTemp;
 58|             final String $libVersion = $libVersionValue;
 59|             final boolean $upgrade = $versionValid.get($libVersion) == 1;
 60|             final boolean $requireOld = $versionValid.get($libVersion) == 2;
 61|             if (mindustry.Vars.mods.getMod("universe-core") == null || $upgrade || !arc.Core.settings.getBool("mod-universe-core-enabled", true)) {
 62|                 if ($libFile == null || !$libFile.exists() || $upgrade || !arc.Core.settings.getBool("mod-universe-core-enabled", true)) {
 63|                     arc.util.io.PropertiesUtils.load(arc.Core.bundle.getProperties(), new java.io.StringReader(bundles.get(arc.Core.bundle.getLocale().toString(), bundles.get(""))));
 64|                     String $curr = arc.Core.settings.getString("unc-checkFailed", "");
 65|                     $curr += $modFile.path() + "::";
 66|                     if (!arc.Core.settings.getBool("mod-universe-core-enabled", true)) {
 67|                         $curr += "dis";
 68|                         $status$ = 1;
 69|                         $disabled.set(true);
 70|                     } else if ($libFile == null) {
 71|                         $curr += "none";
 72|                         $status$ = 2;
 73|                     } else if ($upgrade) {
 74|                         $curr += "old1.8.9";
 75|                         $status$ = 3;
 76|                     } else if ($requireOld) {
 77|                         $curr += "new1.8.9";
 78|                         $status$ = 4;
 79|                     }
 80|                     $curr += ";";
 81|                     arc.Core.settings.put("unc-checkFailed", $curr);
 82|                     if (!arc.Core.settings.getBool("unc-warningShown", false)) {
 83|                         arc.Core.settings.put("unc-warningShown", true);
 84|                         arc.Events.on(mindustry.game.EventType.ClientLoadEvent.class, (e)->{
 85|                             String $modStatus = arc.Core.settings.getString("unc-checkFailed", "");
 86|                             new arc.scene.ui.Dialog(){
 87|                                 {
 88|                                     setFillParent(true);
 89|                                     Runnable $rebuild = ()->{
 90|                                         float w = Math.min(arc.Core.graphics.getWidth() / arc.scene.ui.layout.Scl.scl(1.2F), 560);
 91|                                         cont.clearChildren();
 92|                                         cont.table((main)->{
 93|                                             main.add(arc.Core.bundle.get("warn.uncLoadFailed"));
 94|                                             main.row();
 95|                                             main.image().color(mindustry.graphics.Pal.accent).growX().height(5).colspan(2).pad(0).padBottom(8).padTop(8).margin(0);
 96|                                             main.row();
 97|                                             main.table((t)->{
 98|                                                 t.add(arc.Core.bundle.get("warn.caused")).color(arc.graphics.Color.lightGray).padBottom(10);
 99|                                                 t.row();
100|                                                 t.pane((table)->{
101|                                                     for (String $s : $modStatus.split(";")) {
102|                                                         if ($s.isEmpty()) continue;
103|                                                         final String[] $modStat = $s.split("::");
104|                                                         final arc.files.ZipFi $f = new arc.files.ZipFi(new arc.files.Fi($modStat[0]));
105|                                                         final arc.files.Fi manifest = $f.child("mod.json").exists() ? $f.child("mod.json") : $f.child("mod.hjson").exists() ? $f.child("mod.hjson") : $f.child("plugin.json").exists() ? $f.child("plugin.json") : $f.child("plugin.hjson");
106|                                                         final arc.util.serialization.Jval $info = arc.util.serialization.Jval.read(manifest.reader());
107|                                                         final String name = $info.getString("name", "");
108|                                                         final String displayName = $info.getString("displayName", "");
109|                                                         final arc.files.Fi $icon = $f.child("icon.png");
110|                                                         table.table((modInf)->{
111|                                                             modInf.defaults().left();
112|                                                             modInf.image().size(112).get().setDrawable($icon.exists() ? new arc.scene.style.TextureRegionDrawable(new arc.graphics.g2d.TextureRegion(new arc.graphics.Texture($icon))) : mindustry.gen.Tex.nomap);
113|                                                             modInf.left().table((text)->{
114|                                                                 text.left().defaults().left();
115|                                                                 text.add("[accent]" + displayName);
116|                                                                 text.row();
117|                                                                 text.add("[gray]" + name);
118|                                                                 text.row();
119|                                                                 text.add("[crimson]" + ($modStat[1].equals("dis") ? arc.Core.bundle.get("warn.uncDisabled") : $modStat[1].equals("none") ? arc.Core.bundle.get("warn.uncNotFound") : $modStat[1].startsWith("old") ? arc.Core.bundle.format("warn.uncVersionOld", $modStat[1].replace("old", "")) : arc.Core.bundle.format("warn.uncVersionNewer", $modStat[1].replace("new", ""))));
120|                                                             }).padLeft(5).top().growX();
121|                                                         }).padBottom(4).padLeft(12).padRight(12).growX().fillY().left();
122|                                                         table.row();
123|                                                         table.image().color(arc.graphics.Color.gray).growX().height(6).colspan(2).pad(0).margin(0);
124|                                                         table.row();
125|                                                     }
126|                                                 }).grow().maxWidth(w);
127|                                             }).grow().top();
128|                                             main.row();
129|                                             main.image().color(mindustry.graphics.Pal.accent).growX().height(6).colspan(2).pad(0).padBottom(12).margin(0).bottom();
130|                                             main.row();
131|                                             main.add(arc.Core.bundle.format("warn.currentUncVersion", $libFile != null ? "" + $libVersion : arc.Core.bundle.get("warn.libNotFound"))).padBottom(10).bottom();
132|                                             main.row();
133|                                             final arc.struct.Seq<arc.scene.ui.Button> $buttons = new arc.struct.Seq<>();
134|                                             if ($disabled.get()) {
135|                                                 $buttons.add(arc.scene.utils.Elem.newButton(arc.Core.bundle.get("warn.enableLib"), ()->{
136|                                                     arc.Core.settings.put("mod-universe-core-enabled", true);
137|                                                     mindustry.Vars.ui.showInfoOnHidden("@mods.reloadexit", ()->{
138|                                                         arc.util.Log.info("Exiting to reload mods.");
139|                                                         arc.Core.app.exit();
140|                                                     });
141|                                                 }));
142|                                             } else {
143|                                                 $buttons.add(arc.scene.utils.Elem.newButton(arc.Core.bundle.get("warn.download"), ()->{
144|                                                     final java.io.InputStream[] $stream = new java.io.InputStream[1];
145|                                                     final float[] $downloadProgress = {0};
146|                                                     final mindustry.ui.dialogs.BaseDialog[] $di = new mindustry.ui.dialogs.BaseDialog[]{null};
147|                                                     arc.util.Http.get("https://api.github.com/repos/EB-wilson/UniverseCore/releases/latest").timeout(900).error((e)->{
148|                                                         mindustry.Vars.ui.showException(arc.Core.bundle.get("warn.downloadFailed"), e);
149|                                                         arc.util.Log.err(e);
150|                                                         $di[0].hide();
151|                                                     }).submit((res)->{
152|                                                         final arc.util.serialization.Jval $json = arc.util.serialization.Jval.read(res.getResultAsString());
153|                                                         final arc.util.serialization.Jval.JsonArray $assets = $json.get("assets").asArray();
154|                                                         final arc.util.serialization.Jval $asset = $assets.find((j)->j.getString("name").endsWith(".jar"));
155|                                                         if ($asset != null) {
156|                                                             final String $downloadUrl = $asset.getString("browser_download_url");
157|                                                             arc.util.Http.get($downloadUrl, (result)->{
158|                                                                 $stream[0] = result.getResultAsStream();
159|                                                                 final arc.files.Fi $temp = mindustry.Vars.tmpDirectory.child("UniverseCore.jar");
160|                                                                 final arc.files.Fi $file = mindustry.Vars.modDirectory.child("UniverseCore.jar");
161|                                                                 final long $length = result.getContentLength();
162|                                                                 final arc.func.Floatc $cons = $length <= 0 ? (f)->{
163|                                                                 } : (p)->$downloadProgress[0] = p;
164|                                                                 arc.util.io.Streams.copyProgress($stream[0], $temp.write(false), $length, 4096, $cons);
165|                                                                 if ($libFile != null && $libFile.exists()) $libFile.delete();
166|                                                                 $temp.moveTo($file);
167|                                                                 try {
168|                                                                     mindustry.Vars.mods.importMod($file);
169|                                                                     $file.file().delete();
170|                                                                     hide();
171|                                                                     mindustry.Vars.ui.mods.show();
172|                                                                 } catch (java.io.IOException e) {
173|                                                                     mindustry.Vars.ui.showException(e);
174|                                                                     arc.util.Log.err(e);
175|                                                                     $di[0].hide();
176|                                                                 }
177|                                                             }, (e)->{
178|                                                                 mindustry.Vars.ui.showException(arc.Core.bundle.get("warn.downloadFailed"), e);
179|                                                                 arc.util.Log.err(e);
180|                                                                 $di[0].hide();
181|                                                             });
182|                                                         } else throw new RuntimeException("release file was not found");
183|                                                     });
184|                                                     $di[0] = new mindustry.ui.dialogs.BaseDialog(""){
185|                                                         {
186|                                                             titleTable.clearChildren();
187|                                                             cont.table(mindustry.gen.Tex.pane, (t)->{
188|                                                                 t.add(arc.Core.bundle.get("warn.downloading")).top().padTop(10).get();
189|                                                                 t.row();
190|                                                                 t.add(new mindustry.ui.Bar(()->arc.util.Strings.autoFixed($downloadProgress[0] * 100, 1) + "%", ()->mindustry.graphics.Pal.accent, ()->$downloadProgress[0])).growX().height(30).pad(4);
191|                                                             }).size(320, 175);
192|                                                             cont.row();
193|                                                             cont.button(arc.Core.bundle.get("warn.cancel"), ()->{
194|                                                                 hide();
195|                                                                 try {
196|                                                                     if ($stream[0] != null) $stream[0].close();
197|                                                                 } catch (java.io.IOException e) {
198|                                                                     arc.util.Log.err(e);
199|                                                                 }
200|                                                             }).fill();
201|                                                         }
202|                                                     };
203|                                                     $di[0].show();
204|                                                 }));
205|                                                 $buttons.add(arc.scene.utils.Elem.newButton(arc.Core.bundle.get("warn.openfile"), ()->{
206|                                                     mindustry.Vars.platform.showMultiFileChooser((fi)->{
207|                                                         final arc.files.ZipFi $file = new arc.files.ZipFi(fi);
208|                                                         final arc.files.Fi manifest = $file.child("mod.hjson").exists() ? $file.child("mod.hjson") : null;
209|                                                         if (manifest == null) {
210|                                                             mindustry.Vars.ui.showErrorMessage("not a mod file, no mod.hjson found");
211|                                                             return;
212|                                                         }
213|                                                         final arc.util.serialization.Jval $info = arc.util.serialization.Jval.read(manifest.reader());
214|                                                         if (!$info.getString("name", "").equals("universe-core")) {
215|                                                             mindustry.Vars.ui.showErrorMessage("not UniverseCore mod file");
216|                                                         } else if ($versionValid.get($info.getString("version", "0.0.0")) == 1) {
217|                                                             mindustry.Vars.ui.showErrorMessage("version was deprecated, require: 1.8.9, select: " + $info.getString("version", "0.0.0"));
218|                                                         } else if ($versionValid.get($info.getString("version", "0.0.0")) == 2) {
219|                                                             mindustry.Vars.ui.showErrorMessage("version was too newer, require: 1.8.9, select: " + $info.getString("version", "0.0.0"));
220|                                                         } else {
221|                                                             try {
222|                                                                 if ($libFile != null && $libFile.exists()) $libFile.delete();
223|                                                                 mindustry.Vars.mods.importMod($file);
224|                                                                 hide();
225|                                                                 mindustry.Vars.ui.mods.show();
226|                                                             } catch (java.io.IOException e) {
227|                                                                 mindustry.Vars.ui.showException(e);
228|                                                                 arc.util.Log.err(e);
229|                                                             }
230|                                                         }
231|                                                     }, "zip", "jar");
232|                                                 }));
233|                                             }
234|                                             $buttons.add(arc.scene.utils.Elem.newButton(arc.Core.bundle.get("warn.goLibPage"), ()->{
235|                                                 if (!arc.Core.app.openURI("https://github.com/EB-wilson/UniverseCore")) {
236|                                                     mindustry.Vars.ui.showErrorMessage("@linkfail");
237|                                                     arc.Core.app.setClipboardText("https://github.com/EB-wilson/UniverseCore");
238|                                                 }
239|                                             }));
240|                                             $buttons.add(arc.scene.utils.Elem.newButton(arc.Core.bundle.get("warn.openModDir"), ()->{
241|                                                 if (!arc.Core.app.openFolder(mindustry.Vars.modDirectory.path())) {
242|                                                     mindustry.Vars.ui.showInfo(arc.Core.bundle.get("warn.androidOpenFolder"));
243|                                                     arc.Core.app.setClipboardText(mindustry.Vars.modDirectory.path());
244|                                                 }
245|                                             }));
246|                                             $buttons.add(arc.scene.utils.Elem.newButton(arc.Core.bundle.get("warn.exit"), ()->arc.Core.app.exit()));
247|                                             main.table((buttons)->{
248|                                                 buttons.clearChildren();
249|                                                 if (arc.Core.scene.getWidth() < 168 * ($disabled.get() ? 4 : 5)) {
250|                                                     buttons.table((but)->{
251|                                                         but.defaults().growX().height(55).pad(4);
252|                                                         for (arc.scene.ui.Button button : $buttons) {
253|                                                             but.add(button);
254|                                                             but.row();
255|                                                         }
256|                                                     }).growX().fillY();
257|                                                 } else {
258|                                                     buttons.table((but)->{
259|                                                         but.defaults().width(160).height(55).pad(4);
260|                                                         for (arc.scene.ui.Button button : $buttons) {
261|                                                             but.add(button);
262|                                                         }
263|                                                     }).fill().bottom().padBottom(8);
264|                                                 }
265|                                             }).growX().fillY();
266|                                         }).grow().top().pad(0).margin(0);
267|                                     };
268|                                     $rebuild.run();
269|                                     resized($rebuild);
270|                                 }
271|                             }.show();
272|                         });
273|                     }
274|                 } else {
275|                     arc.util.Log.info("dependence mod was not loaded, load it now");
276|                     arc.util.Log.info("you will receive an exception that threw by game, tell you the UniverseCore was load fail and skipped.\ndon\'t worry, this is expected, it will not affect your game");
277|                     try {
278|                         java.lang.reflect.Method $load = mindustry.mod.Mods.class.getDeclaredMethod("loadMod", arc.files.Fi.class);
279|                         $load.setAccessible(true);
280|                         java.lang.reflect.Field $f = mindustry.mod.Mods.class.getDeclaredField("mods");
281|                         $f.setAccessible(true);
282|                         arc.struct.Seq<mindustry.mod.Mods.LoadedMod> mods = (arc.struct.Seq<mindustry.mod.Mods.LoadedMod>)$f.get(mindustry.Vars.mods);
283|                         mods.add((mindustry.mod.Mods.LoadedMod)$load.invoke(mindustry.Vars.mods, $libFile));
284|                     } catch (NoSuchFieldException | NoSuchMethodException | IllegalAccessException | java.lang.reflect.InvocationTargetException e) {
285|                         e.printStackTrace();
286|                     }
287|                 }
288|             }
289|         }
290|         if ($status$ == 0) {
291|             universecore.UncCore.signup(ultimatedimension.UltimateDimension.class);
292|             ModName = "ultimate-dimension";
293|             modContents = new ContentList[]{new UDItems(), new UDLiquids(), new UDCoreBlocks(), new UDDefenseBlocks(), new UDCrafterBlocks(), new UDPowerBlocks(), new UDOreBlocks(), new UDTechTree()};
294|         } else {
295|             ModName = null;
296|             modContents = null;
297|             if ($status$ == 1) {
298|                 arc.util.Log.err("universeCore mod was disabled");
299|             } else if ($status$ == 2) {
300|                 arc.util.Log.err("universeCore mod file was not found");
301|             } else if ($status$ == 3) {
302|                 arc.util.Log.err("universeCore version was deprecated, version: " + $libVersionValue + " require: 1.8.9");
303|             } else if ($status$ == 4) {
304|                 arc.util.Log.err("universeCore version was too newer, version: " + $libVersionValue + " require: 1.8.9");
305|             }
306|         }
307|     }
308|     
309|     public UltimateDimension() {
310|         if ($status$ != 0) return;
311|         new INIT_INTERNAL();
312|     }
313|     
314|     @Override
315|     public void loadContent() {
316|         if ($status$ != 0) return;
317|         Log.info(logInfo("Loading some ultimatedimension content."));
318|         for (ContentList udlist : UltimateDimension.modContents) {
319|             udlist.load();
320|         }
321|     }
322|     
323|     public static String logInfo(String info) {
324|         if ($status$ != 0) return null;
325|         return "[" + ModName + "]" + info;
326|     }
327|     
328|     private class INIT_INTERNAL {
329|         
330|         public INIT_INTERNAL() {
331|             Log.info(logInfo("Loaded UltimateDimension constructor."));
332|         }
333|     }
334| }

